<?xml version="1.0" encoding="UTF-8"?>
<testsuite xmlns:xsi="http://www.w3.org/2001/XMLSchema-instance" xsi:noNamespaceSchemaLocation="https://maven.apache.org/surefire/maven-surefire-plugin/xsd/surefire-test-report.xsd" version="3.0.2" name="com.example.GreeterTest" time="0.128" tests="1" errors="0" skipped="0" failures="0">
  <properties>
[...]
</properties>
  <testcase name="testGreet" classname="com.example.GreeterTest" time="0.073">
    <system-out><![CDATA[testGreet -> Expected: 'Hello, Alice!'  Got: 'Hello, Alice!'
]]></system-out>
  </testcase>
</testsuite>